{"uid":"1baf5c21f3bcab54","name":"Login Test - Missing Username","fullName":"tests.test_login#test_missing_username","historyId":"6d5958bb02743ef082de81a670a2da2a","time":{"start":1745783121464,"stop":1745783122568,"duration":1104},"description":"Este test verifica que un usuario sin nombre de usuario no pueda iniciar sesión.","descriptionHtml":"<p>Este test verifica que un usuario sin nombre de usuario no pueda iniciar sesión.</p>\n","status":"broken","statusMessage":"selenium.common.exceptions.NoSuchElementException: Message: no such element: Unable to locate element: {\"method\":\"css selector\",\"selector\":\"[id=\"flash\"]\"}\n  (Session info: chrome=135.0.7049.114); For documentation on this error, please visit: https://www.selenium.dev/documentation/webdriver/troubleshooting/errors#no-such-element-exception\nStacktrace:\n#0 0x55b9bfba575a <unknown>\n#1 0x55b9bf6584b0 <unknown>\n#2 0x55b9bf6a99b3 <unknown>\n#3 0x55b9bf6a9ba1 <unknown>\n#4 0x55b9bf6f81f4 <unknown>\n#5 0x55b9bf6cf5bd <unknown>\n#6 0x55b9bf6f55e0 <unknown>\n#7 0x55b9bf6cf363 <unknown>\n#8 0x55b9bf69bd63 <unknown>\n#9 0x55b9bf69c9c1 <unknown>\n#10 0x55b9bfb6aa6b <unknown>\n#11 0x55b9bfb6e951 <unknown>\n#12 0x55b9bfb52b62 <unknown>\n#13 0x55b9bfb6f4c4 <unknown>\n#14 0x55b9bfb3713f <unknown>\n#15 0x55b9bfb936f8 <unknown>\n#16 0x55b9bfb938d6 <unknown>\n#17 0x55b9bfba45a6 <unknown>\n#18 0x7feb9bc9caa4 <unknown>\n#19 0x7feb9bd29c3c <unknown>","statusTrace":"driver = <selenium.webdriver.chrome.webdriver.WebDriver (session=\"1fac52042067f4fd836ffa471e227365\")>\n\n    @allure.title(\"Login Test - Missing Username\")\n    @allure.description(\"Este test verifica que un usuario sin nombre de usuario no pueda iniciar sesión.\")\n    def test_missing_username(driver):\n        login_page = LoginPage(driver)\n        login_page.load()  # Llama al método 'load' para abrir la página de login\n        login_page.enter_password(\"contraseña_valida\")\n        login_page.click_login()\n        # Aquí debes verificar que el mensaje de error para 'usuario faltante' se muestra\n>       assert login_page.get_flash_message() == \"Your username is invalid!\", \"El mensaje de error no es el esperado\"\n\ntests/test_login.py:32: \n_ _ _ _ _ _ _ _ _ _ _ _ _ _ _ _ _ _ _ _ _ _ _ _ _ _ _ _ _ _ _ _ _ _ _ _ _ _ _ _ \npages/login_page.py:24: in get_flash_message\n    return self.driver.find_element(By.ID, \"flash\").text\n/opt/hostedtoolcache/Python/3.13.3/x64/lib/python3.13/site-packages/selenium/webdriver/remote/webdriver.py:898: in find_element\n    return self.execute(Command.FIND_ELEMENT, {\"using\": by, \"value\": value})[\"value\"]\n/opt/hostedtoolcache/Python/3.13.3/x64/lib/python3.13/site-packages/selenium/webdriver/remote/webdriver.py:429: in execute\n    self.error_handler.check_response(response)\n_ _ _ _ _ _ _ _ _ _ _ _ _ _ _ _ _ _ _ _ _ _ _ _ _ _ _ _ _ _ _ _ _ _ _ _ _ _ _ _ \n\nself = <selenium.webdriver.remote.errorhandler.ErrorHandler object at 0x7f8a8ca77130>\nresponse = {'status': 404, 'value': '{\"value\":{\"error\":\"no such element\",\"message\":\"no such element: Unable to locate element: {\\...\\\\n#17 0x55b9bfba45a6 \\\\u003Cunknown>\\\\n#18 0x7feb9bc9caa4 \\\\u003Cunknown>\\\\n#19 0x7feb9bd29c3c \\\\u003Cunknown>\\\\n\"}}'}\n\n    def check_response(self, response: Dict[str, Any]) -> None:\n        \"\"\"Checks that a JSON response from the WebDriver does not have an\n        error.\n    \n        :Args:\n         - response - The JSON response from the WebDriver server as a dictionary\n           object.\n    \n        :Raises: If the response contains an error message.\n        \"\"\"\n        status = response.get(\"status\", None)\n        if not status or status == ErrorCode.SUCCESS:\n            return\n        value = None\n        message = response.get(\"message\", \"\")\n        screen: str = response.get(\"screen\", \"\")\n        stacktrace = None\n        if isinstance(status, int):\n            value_json = response.get(\"value\", None)\n            if value_json and isinstance(value_json, str):\n                import json\n    \n                try:\n                    value = json.loads(value_json)\n                    if len(value) == 1:\n                        value = value[\"value\"]\n                    status = value.get(\"error\", None)\n                    if not status:\n                        status = value.get(\"status\", ErrorCode.UNKNOWN_ERROR)\n                        message = value.get(\"value\") or value.get(\"message\")\n                        if not isinstance(message, str):\n                            value = message\n                            message = message.get(\"message\")\n                    else:\n                        message = value.get(\"message\", None)\n                except ValueError:\n                    pass\n    \n        exception_class: Type[WebDriverException]\n        e = ErrorCode()\n        error_codes = [item for item in dir(e) if not item.startswith(\"__\")]\n        for error_code in error_codes:\n            error_info = getattr(ErrorCode, error_code)\n            if isinstance(error_info, list) and status in error_info:\n                exception_class = getattr(ExceptionMapping, error_code, WebDriverException)\n                break\n        else:\n            exception_class = WebDriverException\n    \n        if not value:\n            value = response[\"value\"]\n        if isinstance(value, str):\n            raise exception_class(value)\n        if message == \"\" and \"message\" in value:\n            message = value[\"message\"]\n    \n        screen = None  # type: ignore[assignment]\n        if \"screen\" in value:\n            screen = value[\"screen\"]\n    \n        stacktrace = None\n        st_value = value.get(\"stackTrace\") or value.get(\"stacktrace\")\n        if st_value:\n            if isinstance(st_value, str):\n                stacktrace = st_value.split(\"\\n\")\n            else:\n                stacktrace = []\n                try:\n                    for frame in st_value:\n                        line = frame.get(\"lineNumber\", \"\")\n                        file = frame.get(\"fileName\", \"<anonymous>\")\n                        if line:\n                            file = f\"{file}:{line}\"\n                        meth = frame.get(\"methodName\", \"<anonymous>\")\n                        if \"className\" in frame:\n                            meth = f\"{frame['className']}.{meth}\"\n                        msg = \"    at %s (%s)\"\n                        msg = msg % (meth, file)\n                        stacktrace.append(msg)\n                except TypeError:\n                    pass\n        if exception_class == UnexpectedAlertPresentException:\n            alert_text = None\n            if \"data\" in value:\n                alert_text = value[\"data\"].get(\"text\")\n            elif \"alert\" in value:\n                alert_text = value[\"alert\"].get(\"text\")\n            raise exception_class(message, screen, stacktrace, alert_text)  # type: ignore[call-arg]  # mypy is not smart enough here\n>       raise exception_class(message, screen, stacktrace)\nE       selenium.common.exceptions.NoSuchElementException: Message: no such element: Unable to locate element: {\"method\":\"css selector\",\"selector\":\"[id=\"flash\"]\"}\nE         (Session info: chrome=135.0.7049.114); For documentation on this error, please visit: https://www.selenium.dev/documentation/webdriver/troubleshooting/errors#no-such-element-exception\nE       Stacktrace:\nE       #0 0x55b9bfba575a <unknown>\nE       #1 0x55b9bf6584b0 <unknown>\nE       #2 0x55b9bf6a99b3 <unknown>\nE       #3 0x55b9bf6a9ba1 <unknown>\nE       #4 0x55b9bf6f81f4 <unknown>\nE       #5 0x55b9bf6cf5bd <unknown>\nE       #6 0x55b9bf6f55e0 <unknown>\nE       #7 0x55b9bf6cf363 <unknown>\nE       #8 0x55b9bf69bd63 <unknown>\nE       #9 0x55b9bf69c9c1 <unknown>\nE       #10 0x55b9bfb6aa6b <unknown>\nE       #11 0x55b9bfb6e951 <unknown>\nE       #12 0x55b9bfb52b62 <unknown>\nE       #13 0x55b9bfb6f4c4 <unknown>\nE       #14 0x55b9bfb3713f <unknown>\nE       #15 0x55b9bfb936f8 <unknown>\nE       #16 0x55b9bfb938d6 <unknown>\nE       #17 0x55b9bfba45a6 <unknown>\nE       #18 0x7feb9bc9caa4 <unknown>\nE       #19 0x7feb9bd29c3c <unknown>\n\n/opt/hostedtoolcache/Python/3.13.3/x64/lib/python3.13/site-packages/selenium/webdriver/remote/errorhandler.py:232: NoSuchElementException","flaky":false,"newFailed":false,"newBroken":false,"newPassed":false,"retriesCount":0,"retriesStatusChange":false,"beforeStages":[{"name":"driver","time":{"start":1745783121136,"stop":1745783121464,"duration":328},"status":"passed","steps":[],"attachments":[],"parameters":[],"shouldDisplayMessage":false,"stepsCount":0,"attachmentsCount":0,"hasContent":false,"attachmentStep":false}],"testStage":{"description":"Este test verifica que un usuario sin nombre de usuario no pueda iniciar sesión.","status":"broken","statusMessage":"selenium.common.exceptions.NoSuchElementException: Message: no such element: Unable to locate element: {\"method\":\"css selector\",\"selector\":\"[id=\"flash\"]\"}\n  (Session info: chrome=135.0.7049.114); For documentation on this error, please visit: https://www.selenium.dev/documentation/webdriver/troubleshooting/errors#no-such-element-exception\nStacktrace:\n#0 0x55b9bfba575a <unknown>\n#1 0x55b9bf6584b0 <unknown>\n#2 0x55b9bf6a99b3 <unknown>\n#3 0x55b9bf6a9ba1 <unknown>\n#4 0x55b9bf6f81f4 <unknown>\n#5 0x55b9bf6cf5bd <unknown>\n#6 0x55b9bf6f55e0 <unknown>\n#7 0x55b9bf6cf363 <unknown>\n#8 0x55b9bf69bd63 <unknown>\n#9 0x55b9bf69c9c1 <unknown>\n#10 0x55b9bfb6aa6b <unknown>\n#11 0x55b9bfb6e951 <unknown>\n#12 0x55b9bfb52b62 <unknown>\n#13 0x55b9bfb6f4c4 <unknown>\n#14 0x55b9bfb3713f <unknown>\n#15 0x55b9bfb936f8 <unknown>\n#16 0x55b9bfb938d6 <unknown>\n#17 0x55b9bfba45a6 <unknown>\n#18 0x7feb9bc9caa4 <unknown>\n#19 0x7feb9bd29c3c <unknown>","statusTrace":"driver = <selenium.webdriver.chrome.webdriver.WebDriver (session=\"1fac52042067f4fd836ffa471e227365\")>\n\n    @allure.title(\"Login Test - Missing Username\")\n    @allure.description(\"Este test verifica que un usuario sin nombre de usuario no pueda iniciar sesión.\")\n    def test_missing_username(driver):\n        login_page = LoginPage(driver)\n        login_page.load()  # Llama al método 'load' para abrir la página de login\n        login_page.enter_password(\"contraseña_valida\")\n        login_page.click_login()\n        # Aquí debes verificar que el mensaje de error para 'usuario faltante' se muestra\n>       assert login_page.get_flash_message() == \"Your username is invalid!\", \"El mensaje de error no es el esperado\"\n\ntests/test_login.py:32: \n_ _ _ _ _ _ _ _ _ _ _ _ _ _ _ _ _ _ _ _ _ _ _ _ _ _ _ _ _ _ _ _ _ _ _ _ _ _ _ _ \npages/login_page.py:24: in get_flash_message\n    return self.driver.find_element(By.ID, \"flash\").text\n/opt/hostedtoolcache/Python/3.13.3/x64/lib/python3.13/site-packages/selenium/webdriver/remote/webdriver.py:898: in find_element\n    return self.execute(Command.FIND_ELEMENT, {\"using\": by, \"value\": value})[\"value\"]\n/opt/hostedtoolcache/Python/3.13.3/x64/lib/python3.13/site-packages/selenium/webdriver/remote/webdriver.py:429: in execute\n    self.error_handler.check_response(response)\n_ _ _ _ _ _ _ _ _ _ _ _ _ _ _ _ _ _ _ _ _ _ _ _ _ _ _ _ _ _ _ _ _ _ _ _ _ _ _ _ \n\nself = <selenium.webdriver.remote.errorhandler.ErrorHandler object at 0x7f8a8ca77130>\nresponse = {'status': 404, 'value': '{\"value\":{\"error\":\"no such element\",\"message\":\"no such element: Unable to locate element: {\\...\\\\n#17 0x55b9bfba45a6 \\\\u003Cunknown>\\\\n#18 0x7feb9bc9caa4 \\\\u003Cunknown>\\\\n#19 0x7feb9bd29c3c \\\\u003Cunknown>\\\\n\"}}'}\n\n    def check_response(self, response: Dict[str, Any]) -> None:\n        \"\"\"Checks that a JSON response from the WebDriver does not have an\n        error.\n    \n        :Args:\n         - response - The JSON response from the WebDriver server as a dictionary\n           object.\n    \n        :Raises: If the response contains an error message.\n        \"\"\"\n        status = response.get(\"status\", None)\n        if not status or status == ErrorCode.SUCCESS:\n            return\n        value = None\n        message = response.get(\"message\", \"\")\n        screen: str = response.get(\"screen\", \"\")\n        stacktrace = None\n        if isinstance(status, int):\n            value_json = response.get(\"value\", None)\n            if value_json and isinstance(value_json, str):\n                import json\n    \n                try:\n                    value = json.loads(value_json)\n                    if len(value) == 1:\n                        value = value[\"value\"]\n                    status = value.get(\"error\", None)\n                    if not status:\n                        status = value.get(\"status\", ErrorCode.UNKNOWN_ERROR)\n                        message = value.get(\"value\") or value.get(\"message\")\n                        if not isinstance(message, str):\n                            value = message\n                            message = message.get(\"message\")\n                    else:\n                        message = value.get(\"message\", None)\n                except ValueError:\n                    pass\n    \n        exception_class: Type[WebDriverException]\n        e = ErrorCode()\n        error_codes = [item for item in dir(e) if not item.startswith(\"__\")]\n        for error_code in error_codes:\n            error_info = getattr(ErrorCode, error_code)\n            if isinstance(error_info, list) and status in error_info:\n                exception_class = getattr(ExceptionMapping, error_code, WebDriverException)\n                break\n        else:\n            exception_class = WebDriverException\n    \n        if not value:\n            value = response[\"value\"]\n        if isinstance(value, str):\n            raise exception_class(value)\n        if message == \"\" and \"message\" in value:\n            message = value[\"message\"]\n    \n        screen = None  # type: ignore[assignment]\n        if \"screen\" in value:\n            screen = value[\"screen\"]\n    \n        stacktrace = None\n        st_value = value.get(\"stackTrace\") or value.get(\"stacktrace\")\n        if st_value:\n            if isinstance(st_value, str):\n                stacktrace = st_value.split(\"\\n\")\n            else:\n                stacktrace = []\n                try:\n                    for frame in st_value:\n                        line = frame.get(\"lineNumber\", \"\")\n                        file = frame.get(\"fileName\", \"<anonymous>\")\n                        if line:\n                            file = f\"{file}:{line}\"\n                        meth = frame.get(\"methodName\", \"<anonymous>\")\n                        if \"className\" in frame:\n                            meth = f\"{frame['className']}.{meth}\"\n                        msg = \"    at %s (%s)\"\n                        msg = msg % (meth, file)\n                        stacktrace.append(msg)\n                except TypeError:\n                    pass\n        if exception_class == UnexpectedAlertPresentException:\n            alert_text = None\n            if \"data\" in value:\n                alert_text = value[\"data\"].get(\"text\")\n            elif \"alert\" in value:\n                alert_text = value[\"alert\"].get(\"text\")\n            raise exception_class(message, screen, stacktrace, alert_text)  # type: ignore[call-arg]  # mypy is not smart enough here\n>       raise exception_class(message, screen, stacktrace)\nE       selenium.common.exceptions.NoSuchElementException: Message: no such element: Unable to locate element: {\"method\":\"css selector\",\"selector\":\"[id=\"flash\"]\"}\nE         (Session info: chrome=135.0.7049.114); For documentation on this error, please visit: https://www.selenium.dev/documentation/webdriver/troubleshooting/errors#no-such-element-exception\nE       Stacktrace:\nE       #0 0x55b9bfba575a <unknown>\nE       #1 0x55b9bf6584b0 <unknown>\nE       #2 0x55b9bf6a99b3 <unknown>\nE       #3 0x55b9bf6a9ba1 <unknown>\nE       #4 0x55b9bf6f81f4 <unknown>\nE       #5 0x55b9bf6cf5bd <unknown>\nE       #6 0x55b9bf6f55e0 <unknown>\nE       #7 0x55b9bf6cf363 <unknown>\nE       #8 0x55b9bf69bd63 <unknown>\nE       #9 0x55b9bf69c9c1 <unknown>\nE       #10 0x55b9bfb6aa6b <unknown>\nE       #11 0x55b9bfb6e951 <unknown>\nE       #12 0x55b9bfb52b62 <unknown>\nE       #13 0x55b9bfb6f4c4 <unknown>\nE       #14 0x55b9bfb3713f <unknown>\nE       #15 0x55b9bfb936f8 <unknown>\nE       #16 0x55b9bfb938d6 <unknown>\nE       #17 0x55b9bfba45a6 <unknown>\nE       #18 0x7feb9bc9caa4 <unknown>\nE       #19 0x7feb9bd29c3c <unknown>\n\n/opt/hostedtoolcache/Python/3.13.3/x64/lib/python3.13/site-packages/selenium/webdriver/remote/errorhandler.py:232: NoSuchElementException","steps":[],"attachments":[{"uid":"b548748ede89d2f2","name":"screenshot_test_missing_username.png","source":"b548748ede89d2f2.png","type":"image/png","size":59941}],"parameters":[],"shouldDisplayMessage":true,"stepsCount":0,"attachmentsCount":1,"hasContent":true,"attachmentStep":false},"afterStages":[{"name":"driver::0","time":{"start":1745783122741,"stop":1745783122801,"duration":60},"status":"passed","steps":[],"attachments":[],"parameters":[],"shouldDisplayMessage":false,"stepsCount":0,"attachmentsCount":0,"hasContent":false,"attachmentStep":false}],"labels":[{"name":"parentSuite","value":"tests"},{"name":"suite","value":"test_login"},{"name":"host","value":"fv-az1675-325"},{"name":"thread","value":"3767-MainThread"},{"name":"framework","value":"pytest"},{"name":"language","value":"cpython3"},{"name":"package","value":"tests.test_login"},{"name":"resultFormat","value":"allure2"}],"parameters":[],"links":[],"hidden":false,"retry":false,"extra":{"severity":"normal","retries":[],"categories":[{"name":"Test defects","matchedStatuses":[],"flaky":false}],"tags":[]},"source":"1baf5c21f3bcab54.json","parameterValues":[]}