{"uid":"5bd6cab8e82c66e7","name":"Login Test - Missing Username","fullName":"tests.test_login#test_missing_username","historyId":"6d5958bb02743ef082de81a670a2da2a","time":{"start":1746320358625,"stop":1746320359002,"duration":377},"description":"Este test verifica que un usuario sin nombre de usuario no pueda iniciar sesión.","descriptionHtml":"<p>Este test verifica que un usuario sin nombre de usuario no pueda iniciar sesión.</p>\n","status":"failed","statusMessage":"AssertionError: El mensaje de error no es el esperado\nassert 'Your username is invalid!\\n×' == 'Your username is invalid!'\n  \n  - Your username is invalid!\n  + Your username is invalid!\n  ?                          +\n  + ×","statusTrace":"driver = <selenium.webdriver.chrome.webdriver.WebDriver (session=\"7af86d55daa21a3512518336fde62e65\")>\n\n    @allure.title(\"Login Test - Missing Username\")\n    @allure.description(\"Este test verifica que un usuario sin nombre de usuario no pueda iniciar sesión.\")\n    def test_missing_username(driver):\n        login_page = LoginPage(driver)\n        login_page.load()  # Llama al método 'load' para abrir la página de login\n        login_page.enter_password(\"contraseña_valida\")\n        login_page.click_login()\n        # Aquí debes verificar que el mensaje de error para 'usuario faltante' se muestra\n>       assert login_page.get_flash_message() == \"Your username is invalid!\", \"El mensaje de error no es el esperado\"\nE       AssertionError: El mensaje de error no es el esperado\nE       assert 'Your username is invalid!\\n×' == 'Your username is invalid!'\nE         \nE         - Your username is invalid!\nE         + Your username is invalid!\nE         ?                          +\nE         + ×\n\ntests/test_login.py:32: AssertionError","flaky":false,"newFailed":false,"newBroken":false,"newPassed":false,"retriesCount":0,"retriesStatusChange":false,"beforeStages":[{"name":"driver","time":{"start":1746320358308,"stop":1746320358624,"duration":316},"status":"passed","steps":[],"attachments":[],"parameters":[],"shouldDisplayMessage":false,"stepsCount":0,"attachmentsCount":0,"hasContent":false,"attachmentStep":false}],"testStage":{"description":"Este test verifica que un usuario sin nombre de usuario no pueda iniciar sesión.","status":"failed","statusMessage":"AssertionError: El mensaje de error no es el esperado\nassert 'Your username is invalid!\\n×' == 'Your username is invalid!'\n  \n  - Your username is invalid!\n  + Your username is invalid!\n  ?                          +\n  + ×","statusTrace":"driver = <selenium.webdriver.chrome.webdriver.WebDriver (session=\"7af86d55daa21a3512518336fde62e65\")>\n\n    @allure.title(\"Login Test - Missing Username\")\n    @allure.description(\"Este test verifica que un usuario sin nombre de usuario no pueda iniciar sesión.\")\n    def test_missing_username(driver):\n        login_page = LoginPage(driver)\n        login_page.load()  # Llama al método 'load' para abrir la página de login\n        login_page.enter_password(\"contraseña_valida\")\n        login_page.click_login()\n        # Aquí debes verificar que el mensaje de error para 'usuario faltante' se muestra\n>       assert login_page.get_flash_message() == \"Your username is invalid!\", \"El mensaje de error no es el esperado\"\nE       AssertionError: El mensaje de error no es el esperado\nE       assert 'Your username is invalid!\\n×' == 'Your username is invalid!'\nE         \nE         - Your username is invalid!\nE         + Your username is invalid!\nE         ?                          +\nE         + ×\n\ntests/test_login.py:32: AssertionError","steps":[],"attachments":[{"uid":"86ee20b141cab9b4","name":"screenshot_test_missing_username.png","source":"86ee20b141cab9b4.png","type":"image/png","size":61175}],"parameters":[],"shouldDisplayMessage":true,"stepsCount":0,"attachmentsCount":1,"hasContent":true,"attachmentStep":false},"afterStages":[{"name":"driver::0","time":{"start":1746320359149,"stop":1746320359210,"duration":61},"status":"passed","steps":[],"attachments":[],"parameters":[],"shouldDisplayMessage":false,"stepsCount":0,"attachmentsCount":0,"hasContent":false,"attachmentStep":false}],"labels":[{"name":"parentSuite","value":"tests"},{"name":"suite","value":"test_login"},{"name":"host","value":"fv-az1718-195"},{"name":"thread","value":"3758-MainThread"},{"name":"framework","value":"pytest"},{"name":"language","value":"cpython3"},{"name":"package","value":"tests.test_login"},{"name":"resultFormat","value":"allure2"}],"parameters":[],"links":[],"hidden":false,"retry":false,"extra":{"severity":"normal","retries":[],"categories":[{"name":"Product defects","matchedStatuses":[],"flaky":false}],"tags":[]},"source":"5bd6cab8e82c66e7.json","parameterValues":[]}