{"uid":"7f6aef4dda45dde9","name":"Login Test - Missing Username","fullName":"tests.test_login#test_missing_username","historyId":"6d5958bb02743ef082de81a670a2da2a","time":{"start":1745882803181,"stop":1745882804293,"duration":1112},"description":"Este test verifica que un usuario sin nombre de usuario no pueda iniciar sesión.","descriptionHtml":"<p>Este test verifica que un usuario sin nombre de usuario no pueda iniciar sesión.</p>\n","status":"failed","statusMessage":"AssertionError: El mensaje de error no es el esperado\nassert 'Your username is invalid!\\n×' == 'Your username is invalid!'\n  \n  - Your username is invalid!\n  + Your username is invalid!\n  ?                          +\n  + ×","statusTrace":"driver = <selenium.webdriver.chrome.webdriver.WebDriver (session=\"7e28ccc5b176b6b035bc86141f3e9166\")>\n\n    @allure.title(\"Login Test - Missing Username\")\n    @allure.description(\"Este test verifica que un usuario sin nombre de usuario no pueda iniciar sesión.\")\n    def test_missing_username(driver):\n        login_page = LoginPage(driver)\n        login_page.load()  # Llama al método 'load' para abrir la página de login\n        login_page.enter_password(\"contraseña_valida\")\n        login_page.click_login()\n        # Aquí debes verificar que el mensaje de error para 'usuario faltante' se muestra\n>       assert login_page.get_flash_message() == \"Your username is invalid!\", \"El mensaje de error no es el esperado\"\nE       AssertionError: El mensaje de error no es el esperado\nE       assert 'Your username is invalid!\\n×' == 'Your username is invalid!'\nE         \nE         - Your username is invalid!\nE         + Your username is invalid!\nE         ?                          +\nE         + ×\n\ntests/test_login.py:32: AssertionError","flaky":false,"newFailed":false,"newBroken":false,"newPassed":false,"retriesCount":0,"retriesStatusChange":false,"beforeStages":[{"name":"driver","time":{"start":1745882802862,"stop":1745882803180,"duration":318},"status":"passed","steps":[],"attachments":[],"parameters":[],"shouldDisplayMessage":false,"stepsCount":0,"attachmentsCount":0,"hasContent":false,"attachmentStep":false}],"testStage":{"description":"Este test verifica que un usuario sin nombre de usuario no pueda iniciar sesión.","status":"failed","statusMessage":"AssertionError: El mensaje de error no es el esperado\nassert 'Your username is invalid!\\n×' == 'Your username is invalid!'\n  \n  - Your username is invalid!\n  + Your username is invalid!\n  ?                          +\n  + ×","statusTrace":"driver = <selenium.webdriver.chrome.webdriver.WebDriver (session=\"7e28ccc5b176b6b035bc86141f3e9166\")>\n\n    @allure.title(\"Login Test - Missing Username\")\n    @allure.description(\"Este test verifica que un usuario sin nombre de usuario no pueda iniciar sesión.\")\n    def test_missing_username(driver):\n        login_page = LoginPage(driver)\n        login_page.load()  # Llama al método 'load' para abrir la página de login\n        login_page.enter_password(\"contraseña_valida\")\n        login_page.click_login()\n        # Aquí debes verificar que el mensaje de error para 'usuario faltante' se muestra\n>       assert login_page.get_flash_message() == \"Your username is invalid!\", \"El mensaje de error no es el esperado\"\nE       AssertionError: El mensaje de error no es el esperado\nE       assert 'Your username is invalid!\\n×' == 'Your username is invalid!'\nE         \nE         - Your username is invalid!\nE         + Your username is invalid!\nE         ?                          +\nE         + ×\n\ntests/test_login.py:32: AssertionError","steps":[],"attachments":[{"uid":"73a66d3f89b1cb7b","name":"screenshot_test_missing_username.png","source":"73a66d3f89b1cb7b.png","type":"image/png","size":59941}],"parameters":[],"shouldDisplayMessage":true,"stepsCount":0,"attachmentsCount":1,"hasContent":true,"attachmentStep":false},"afterStages":[{"name":"driver::0","time":{"start":1745882804450,"stop":1745882804510,"duration":60},"status":"passed","steps":[],"attachments":[],"parameters":[],"shouldDisplayMessage":false,"stepsCount":0,"attachmentsCount":0,"hasContent":false,"attachmentStep":false}],"labels":[{"name":"parentSuite","value":"tests"},{"name":"suite","value":"test_login"},{"name":"host","value":"fv-az1279-408"},{"name":"thread","value":"3802-MainThread"},{"name":"framework","value":"pytest"},{"name":"language","value":"cpython3"},{"name":"package","value":"tests.test_login"},{"name":"resultFormat","value":"allure2"}],"parameters":[],"links":[],"hidden":false,"retry":false,"extra":{"severity":"normal","retries":[],"categories":[{"name":"Product defects","matchedStatuses":[],"flaky":false}],"tags":[]},"source":"7f6aef4dda45dde9.json","parameterValues":[]}